<?xml version="1.0" encoding="UTF-8"?>
<!-- Generated by org.testng.reporters.JUnitXMLReporter -->
<testsuite ignored="0" hostname="Preetijaiswal-IT" failures="2" tests="3" name="chrome test" time="27.517" errors="0" timestamp="2022-04-20T17:38:22 IST">
  <testcase classname="com.ro.qa.testcase.LoginPageTest" name="bankitLogoTest" time="0.105">
    <failure type="java.lang.AssertionError" message="expected [false] but found [true]">
      <![CDATA[java.lang.AssertionError: expected [false] but found [true]
at com.ro.qa.testcase.LoginPageTest.bankitLogoTest(LoginPageTest.java:39)
at java.base/java.util.ArrayList.forEach(ArrayList.java:1511)
... Removed 31 stack frames]]>
    </failure>
  </testcase> <!-- bankitLogoTest -->
  <testcase classname="com.ro.qa.testcase.LoginPageTest" name="validateTitleTest" time="0.024">
    <failure type="java.lang.AssertionError" message="expected [BANKIT SERVICES PRIVATE LIMITED123] but found [BANKIT SERVICES PRIVATE LIMITED]">
      <![CDATA[java.lang.AssertionError: expected [BANKIT SERVICES PRIVATE LIMITED123] but found [BANKIT SERVICES PRIVATE LIMITED]
at com.ro.qa.testcase.LoginPageTest.validateTitleTest(LoginPageTest.java:46)
at java.base/java.util.ArrayList.forEach(ArrayList.java:1511)
... Removed 33 stack frames]]>
    </failure>
  </testcase> <!-- validateTitleTest -->
  <testcase classname="com.ro.qa.testcase.LoginPageTest" name="loginTest" time="7.46"/>
</testsuite> <!-- chrome test -->
